<?xml version="1.0" encoding="UTF-8"?>
<!-- Generated by org.testng.reporters.JUnitReportReporter -->
<testsuite hostname="Sneha" failures="0" tests="1" name="testCases.Test_LogIn" time="4.867" errors="0" timestamp="2023-12-27T17:36:03 IST" skipped="0">
  <testcase classname="testCases.Test_LogIn" name="logIn" time="4.867"/>
</testsuite> <!-- testCases.Test_LogIn -->
